2017-01-09 09:21:24,119 [INFO ] vert.x-eventloop-thread-0 [cd.blog.humbird.vertx.vx.VxConfig] - using the configFile :./vx.json
2017-01-09 09:21:26,676 [INFO ] vert.x-eventloop-thread-0 [cd.blog.humbird.vertx.vx.VxConfig] - using the configFile :./vx.json
2017-01-09 09:21:26,677 [INFO ] vert.x-eventloop-thread-4 [cd.blog.humbird.vertx.vx.VxConfig] - using the configFile :./vx.json
2017-01-09 09:21:26,677 [INFO ] vert.x-eventloop-thread-2 [cd.blog.humbird.vertx.vx.VxConfig] - using the configFile :./vx.json
2017-01-09 09:21:26,677 [INFO ] vert.x-eventloop-thread-3 [cd.blog.humbird.vertx.vx.VxConfig] - using the configFile :./vx.json
2017-01-09 09:21:26,677 [INFO ] vert.x-eventloop-thread-1 [cd.blog.humbird.vertx.vx.VxConfig] - using the configFile :./vx.json
2017-01-09 09:21:26,988 [INFO ] vert.x-eventloop-thread-1 [cd.blog.humbird.vertx.vx.VxChannelClient] - channelId: 0be0d67d-ca9d-4bc6-86d9-5eca800a966a
2017-01-09 09:21:26,988 [INFO ] vert.x-eventloop-thread-4 [cd.blog.humbird.vertx.vx.VxChannelClient] - channelId: 39aa5cfd-d1eb-4a71-81ee-bc4cf28741e6
2017-01-09 09:21:26,988 [INFO ] vert.x-eventloop-thread-0 [cd.blog.humbird.vertx.vx.VxChannelClient] - channelId: 7fd1b664-5f25-419c-b02a-d9eb4a8059e8
2017-01-09 09:21:26,988 [INFO ] vert.x-eventloop-thread-3 [cd.blog.humbird.vertx.vx.VxChannelClient] - channelId: 9679e68f-9c5b-47ae-b1b8-c64b95aa0ca7
2017-01-09 09:21:26,989 [INFO ] vert.x-eventloop-thread-2 [cd.blog.humbird.vertx.vx.VxChannelClient] - channelId: b7ea72c1-2821-46a1-9e48-91d83137b4f3
2017-01-09 09:21:27,528 [INFO ] vert.x-eventloop-thread-5 [cd.blog.humbird.vertx.vx.VxConfig] - using the configFile :./vx.json
2017-01-09 09:21:27,528 [INFO ] vert.x-eventloop-thread-7 [cd.blog.humbird.vertx.vx.VxConfig] - using the configFile :./vx.json
2017-01-09 09:21:27,528 [INFO ] vert.x-eventloop-thread-6 [cd.blog.humbird.vertx.vx.VxConfig] - using the configFile :./vx.json
2017-01-09 09:21:27,536 [INFO ] vert.x-eventloop-thread-0 [cd.blog.humbird.vertx.vx.VxConfig] - using the configFile :./vx.json
2017-01-09 09:21:27,539 [INFO ] vert.x-eventloop-thread-0 [cd.blog.humbird.vertx.vx.VxChannelClient] - success connect to ProxyChannelServer,127.0.0.1:31313
2017-01-09 09:21:27,539 [INFO ] vert.x-eventloop-thread-4 [cd.blog.humbird.vertx.vx.VxChannelClient] - success connect to ProxyChannelServer,127.0.0.1:31313
2017-01-09 09:21:27,539 [INFO ] vert.x-eventloop-thread-2 [cd.blog.humbird.vertx.vx.VxChannelClient] - success connect to ProxyChannelServer,127.0.0.1:31313
2017-01-09 09:21:27,539 [INFO ] vert.x-eventloop-thread-3 [cd.blog.humbird.vertx.vx.VxChannelClient] - success connect to ProxyChannelServer,127.0.0.1:31313
2017-01-09 09:21:27,541 [INFO ] vert.x-eventloop-thread-1 [cd.blog.humbird.vertx.vx.VxConfig] - using the configFile :./vx.json
2017-01-09 09:21:27,543 [INFO ] vert.x-eventloop-thread-1 [cd.blog.humbird.vertx.vx.VxChannelClient] - success connect to ProxyChannelServer,127.0.0.1:31313
2017-01-09 09:21:27,550 [INFO ] vert.x-eventloop-thread-3 [cd.blog.humbird.vertx.vx.VxChannelPing] - start the pinger for channelId: 9679e68f-9c5b-47ae-b1b8-c64b95aa0ca7
2017-01-09 09:21:27,550 [INFO ] vert.x-eventloop-thread-0 [cd.blog.humbird.vertx.vx.VxChannelPing] - start the pinger for channelId: 7fd1b664-5f25-419c-b02a-d9eb4a8059e8
2017-01-09 09:21:27,551 [INFO ] vert.x-eventloop-thread-2 [cd.blog.humbird.vertx.vx.VxChannelPing] - start the pinger for channelId: b7ea72c1-2821-46a1-9e48-91d83137b4f3
2017-01-09 09:21:27,551 [INFO ] vert.x-eventloop-thread-4 [cd.blog.humbird.vertx.vx.VxChannelPing] - start the pinger for channelId: 39aa5cfd-d1eb-4a71-81ee-bc4cf28741e6
2017-01-09 09:21:27,554 [INFO ] vert.x-eventloop-thread-2 [cd.blog.humbird.vertx.vx.VxConfig] - using the configFile :./vx.json
2017-01-09 09:21:27,562 [INFO ] vert.x-eventloop-thread-0 [cd.blog.humbird.vertx.vx.VxChannelServer] - connected remote ip->127.0.0.1, port->63088
2017-01-09 09:21:27,566 [INFO ] vert.x-eventloop-thread-0 [cd.blog.humbird.vertx.vx.VxChannelServer] - connected remote ip->127.0.0.1, port->63089
2017-01-09 09:21:27,567 [INFO ] vert.x-eventloop-thread-0 [cd.blog.humbird.vertx.vx.VxChannelServer] - connected remote ip->127.0.0.1, port->63090
2017-01-09 09:21:27,568 [INFO ] vert.x-eventloop-thread-0 [cd.blog.humbird.vertx.vx.VxChannelServer] - connected remote ip->127.0.0.1, port->63091
2017-01-09 09:21:27,568 [INFO ] vert.x-eventloop-thread-0 [cd.blog.humbird.vertx.vx.VxChannelServer] - connected remote ip->127.0.0.1, port->63092
2017-01-09 09:21:27,569 [INFO ] vert.x-eventloop-thread-1 [cd.blog.humbird.vertx.vx.VxChannelPing] - start the pinger for channelId: 0be0d67d-ca9d-4bc6-86d9-5eca800a966a
2017-01-09 09:21:27,593 [INFO ] vert.x-eventloop-thread-2 [cd.blog.humbird.vertx.vx.HttpsVx] - started http proxy on 3128
2017-01-09 09:21:33,560 [WARN ] vert.x-eventloop-thread-4 [cd.blog.humbird.vertx.vx.VxChannelPing] - try send connect ping command for channelId: 39aa5cfd-d1eb-4a71-81ee-bc4cf28741e6
2017-01-09 09:21:33,560 [WARN ] vert.x-eventloop-thread-3 [cd.blog.humbird.vertx.vx.VxChannelPing] - try send connect ping command for channelId: 9679e68f-9c5b-47ae-b1b8-c64b95aa0ca7
2017-01-09 09:21:33,560 [WARN ] vert.x-eventloop-thread-0 [cd.blog.humbird.vertx.vx.VxChannelPing] - try send connect ping command for channelId: 7fd1b664-5f25-419c-b02a-d9eb4a8059e8
2017-01-09 09:21:33,560 [WARN ] vert.x-eventloop-thread-2 [cd.blog.humbird.vertx.vx.VxChannelPing] - try send connect ping command for channelId: b7ea72c1-2821-46a1-9e48-91d83137b4f3
2017-01-09 09:21:33,573 [WARN ] vert.x-eventloop-thread-1 [cd.blog.humbird.vertx.vx.VxChannelPing] - try send connect ping command for channelId: 0be0d67d-ca9d-4bc6-86d9-5eca800a966a
2017-01-09 09:21:39,554 [WARN ] vert.x-eventloop-thread-2 [cd.blog.humbird.vertx.vx.VxChannelPing] - The pingPriodic is reach, but PingTimeoutId != -1, channelId: b7ea72c1-2821-46a1-9e48-91d83137b4f3
2017-01-09 09:21:39,554 [WARN ] vert.x-eventloop-thread-0 [cd.blog.humbird.vertx.vx.VxChannelPing] - The pingPriodic is reach, but PingTimeoutId != -1, channelId: 7fd1b664-5f25-419c-b02a-d9eb4a8059e8
2017-01-09 09:21:39,554 [WARN ] vert.x-eventloop-thread-3 [cd.blog.humbird.vertx.vx.VxChannelPing] - The pingPriodic is reach, but PingTimeoutId != -1, channelId: 9679e68f-9c5b-47ae-b1b8-c64b95aa0ca7
2017-01-09 09:21:39,554 [WARN ] vert.x-eventloop-thread-4 [cd.blog.humbird.vertx.vx.VxChannelPing] - The pingPriodic is reach, but PingTimeoutId != -1, channelId: 39aa5cfd-d1eb-4a71-81ee-bc4cf28741e6
2017-01-09 09:21:39,572 [WARN ] vert.x-eventloop-thread-1 [cd.blog.humbird.vertx.vx.VxChannelPing] - The pingPriodic is reach, but PingTimeoutId != -1, channelId: 0be0d67d-ca9d-4bc6-86d9-5eca800a966a
2017-01-09 09:21:45,555 [WARN ] vert.x-eventloop-thread-2 [cd.blog.humbird.vertx.vx.VxChannelPing] - try send connect ping command for channelId: b7ea72c1-2821-46a1-9e48-91d83137b4f3
2017-01-09 09:21:45,555 [WARN ] vert.x-eventloop-thread-3 [cd.blog.humbird.vertx.vx.VxChannelPing] - try send connect ping command for channelId: 9679e68f-9c5b-47ae-b1b8-c64b95aa0ca7
2017-01-09 09:21:45,555 [WARN ] vert.x-eventloop-thread-0 [cd.blog.humbird.vertx.vx.VxChannelPing] - try send connect ping command for channelId: 7fd1b664-5f25-419c-b02a-d9eb4a8059e8
2017-01-09 09:21:45,555 [WARN ] vert.x-eventloop-thread-4 [cd.blog.humbird.vertx.vx.VxChannelPing] - try send connect ping command for channelId: 39aa5cfd-d1eb-4a71-81ee-bc4cf28741e6
2017-01-09 09:21:45,573 [WARN ] vert.x-eventloop-thread-1 [cd.blog.humbird.vertx.vx.VxChannelPing] - try send connect ping command for channelId: 0be0d67d-ca9d-4bc6-86d9-5eca800a966a
2017-01-09 09:21:51,556 [WARN ] vert.x-eventloop-thread-0 [cd.blog.humbird.vertx.vx.VxChannelPing] - The pingPriodic is reach, but PingTimeoutId != -1, channelId: 7fd1b664-5f25-419c-b02a-d9eb4a8059e8
2017-01-09 09:21:51,556 [WARN ] vert.x-eventloop-thread-4 [cd.blog.humbird.vertx.vx.VxChannelPing] - The pingPriodic is reach, but PingTimeoutId != -1, channelId: 39aa5cfd-d1eb-4a71-81ee-bc4cf28741e6
2017-01-09 09:21:51,556 [WARN ] vert.x-eventloop-thread-2 [cd.blog.humbird.vertx.vx.VxChannelPing] - The pingPriodic is reach, but PingTimeoutId != -1, channelId: b7ea72c1-2821-46a1-9e48-91d83137b4f3
2017-01-09 09:21:51,556 [WARN ] vert.x-eventloop-thread-3 [cd.blog.humbird.vertx.vx.VxChannelPing] - The pingPriodic is reach, but PingTimeoutId != -1, channelId: 9679e68f-9c5b-47ae-b1b8-c64b95aa0ca7
2017-01-09 09:21:51,574 [WARN ] vert.x-eventloop-thread-1 [cd.blog.humbird.vertx.vx.VxChannelPing] - The pingPriodic is reach, but PingTimeoutId != -1, channelId: 0be0d67d-ca9d-4bc6-86d9-5eca800a966a
2017-01-09 09:21:57,828 [WARN ] vert.x-eventloop-thread-0 [cd.blog.humbird.vertx.vx.VxChannelServer] - the channel sock closed:null, channelShortId:null
2017-01-09 09:21:57,829 [WARN ] vert.x-eventloop-thread-0 [cd.blog.humbird.vertx.vx.VxChannelServer] - the channel sock closed:null, channelShortId:null
2017-01-09 09:21:57,829 [WARN ] vert.x-eventloop-thread-0 [cd.blog.humbird.vertx.vx.VxChannelServer] - the channel sock closed:null, channelShortId:null
2017-01-09 09:21:57,829 [WARN ] vert.x-eventloop-thread-0 [cd.blog.humbird.vertx.vx.VxChannelServer] - the channel sock closed:null, channelShortId:null
2017-01-09 09:21:57,829 [WARN ] vert.x-eventloop-thread-0 [cd.blog.humbird.vertx.vx.VxChannelServer] - the channel sock closed:null, channelShortId:null
2017-01-09 09:22:09,720 [DEBUG] main [io.netty.util.internal.logging.InternalLoggerFactory] - Using SLF4J as the default logging framework
2017-01-09 09:22:09,733 [DEBUG] main [io.netty.util.ResourceLeakDetector] - -Dio.netty.leakDetection.level: simple
2017-01-09 09:22:09,734 [DEBUG] main [io.netty.util.ResourceLeakDetector] - -Dio.netty.leakDetection.maxRecords: 4
2017-01-09 09:22:09,765 [DEBUG] main [io.netty.channel.MultithreadEventLoopGroup] - -Dio.netty.eventLoopThreads: 8
2017-01-09 09:22:09,884 [DEBUG] main [io.netty.util.internal.PlatformDependent0] - java.nio.Buffer.address: available
2017-01-09 09:22:09,884 [DEBUG] main [io.netty.util.internal.PlatformDependent0] - sun.misc.Unsafe.theUnsafe: available
2017-01-09 09:22:09,885 [DEBUG] main [io.netty.util.internal.PlatformDependent0] - sun.misc.Unsafe.copyMemory: available
2017-01-09 09:22:09,888 [DEBUG] main [io.netty.util.internal.PlatformDependent0] - direct buffer constructor: available
2017-01-09 09:22:09,894 [DEBUG] main [io.netty.util.internal.PlatformDependent0] - java.nio.Bits.unaligned: available, true
2017-01-09 09:22:09,894 [DEBUG] main [io.netty.util.internal.PlatformDependent0] - java.nio.DirectByteBuffer.<init>(long, int): available
2017-01-09 09:22:09,895 [DEBUG] main [io.netty.util.internal.Cleaner0] - java.nio.ByteBuffer.cleaner(): available
2017-01-09 09:22:09,896 [DEBUG] main [io.netty.util.internal.PlatformDependent] - Java version: 8
2017-01-09 09:22:09,897 [DEBUG] main [io.netty.util.internal.PlatformDependent] - -Dio.netty.noUnsafe: false
2017-01-09 09:22:09,897 [DEBUG] main [io.netty.util.internal.PlatformDependent] - sun.misc.Unsafe: available
2017-01-09 09:22:09,898 [DEBUG] main [io.netty.util.internal.PlatformDependent] - -Dio.netty.noJavassist: false
2017-01-09 09:22:09,904 [DEBUG] main [io.netty.util.internal.PlatformDependent] - Javassist: unavailable
2017-01-09 09:22:09,904 [DEBUG] main [io.netty.util.internal.PlatformDependent] - You don't have Javassist in your class path or you don't have enough permission to load dynamically generated classes.  Please check the configuration for better performance.
2017-01-09 09:22:09,905 [DEBUG] main [io.netty.util.internal.PlatformDependent] - -Dio.netty.tmpdir: /var/folders/pk/2c9dxjlj50n2pqhk_ph9g5jw0000gn/T (java.io.tmpdir)
2017-01-09 09:22:09,905 [DEBUG] main [io.netty.util.internal.PlatformDependent] - -Dio.netty.bitMode: 64 (sun.arch.data.model)
2017-01-09 09:22:09,905 [DEBUG] main [io.netty.util.internal.PlatformDependent] - -Dio.netty.noPreferDirect: false
2017-01-09 09:22:09,905 [DEBUG] main [io.netty.util.internal.PlatformDependent] - io.netty.maxDirectMemory: 1908932608 bytes
2017-01-09 09:22:09,963 [DEBUG] main [io.netty.channel.nio.NioEventLoop] - -Dio.netty.noKeySetOptimization: false
2017-01-09 09:22:09,963 [DEBUG] main [io.netty.channel.nio.NioEventLoop] - -Dio.netty.selectorAutoRebuildThreshold: 512
2017-01-09 09:22:09,966 [DEBUG] main [io.netty.util.internal.PlatformDependent] - org.jctools-core.MpscChunkedArrayQueue: available
2017-01-09 09:22:10,117 [DEBUG] main [io.netty.resolver.dns.DnsServerAddresses] - Default DNS servers: [/223.5.5.5:53] (sun.net.dns.ResolverConfiguration)
2017-01-09 09:22:10,131 [DEBUG] main [io.netty.util.NetUtil] - -Djava.net.preferIPv4Stack: false
2017-01-09 09:22:10,131 [DEBUG] main [io.netty.util.NetUtil] - -Djava.net.preferIPv6Addresses: false
2017-01-09 09:22:10,132 [DEBUG] main [io.netty.util.NetUtil] - Loopback interface: lo0 (lo0, 0:0:0:0:0:0:0:1)
2017-01-09 09:22:10,133 [DEBUG] main [io.netty.util.NetUtil] - /proc/sys/net/core/somaxconn: 128 (non-existent)
2017-01-09 09:22:10,239 [INFO ] vert.x-eventloop-thread-0 [cd.blog.humbird.vertx.vx.VxConfig] - using the configFile :./vx.json
2017-01-09 09:22:10,239 [INFO ] vert.x-eventloop-thread-1 [cd.blog.humbird.vertx.vx.VxConfig] - using the configFile :./vx.json
2017-01-09 09:22:10,247 [INFO ] vert.x-eventloop-thread-2 [cd.blog.humbird.vertx.vx.VxConfig] - using the configFile :./vx.json
2017-01-09 09:22:10,248 [INFO ] vert.x-eventloop-thread-3 [cd.blog.humbird.vertx.vx.VxConfig] - using the configFile :./vx.json
2017-01-09 09:22:10,249 [INFO ] vert.x-eventloop-thread-4 [cd.blog.humbird.vertx.vx.VxConfig] - using the configFile :./vx.json
2017-01-09 09:22:10,326 [DEBUG] vert.x-internal-blocking-2 [io.netty.buffer.AbstractByteBuf] - -Dio.netty.buffer.bytebuf.checkAccessible: true
2017-01-09 09:22:10,328 [DEBUG] vert.x-internal-blocking-2 [io.netty.util.ResourceLeakDetectorFactory] - Loaded default ResourceLeakDetector: io.netty.util.ResourceLeakDetector@3d3bcb92
2017-01-09 09:22:10,646 [INFO ] vert.x-eventloop-thread-1 [cd.blog.humbird.vertx.vx.VxChannelClient] - channelId: 57cb5faf-6791-43aa-8ce5-4e314664ad23
2017-01-09 09:22:10,647 [INFO ] vert.x-eventloop-thread-2 [cd.blog.humbird.vertx.vx.VxChannelClient] - channelId: c67605f4-b9fb-4885-b7aa-1377d616e624
2017-01-09 09:22:10,647 [INFO ] vert.x-eventloop-thread-4 [cd.blog.humbird.vertx.vx.VxChannelClient] - channelId: 00c05534-1c51-4f5e-b94b-6bf1a4f24e49
2017-01-09 09:22:10,647 [INFO ] vert.x-eventloop-thread-3 [cd.blog.humbird.vertx.vx.VxChannelClient] - channelId: 08896f0e-42ed-4d59-a071-369fc51f2747
2017-01-09 09:22:10,647 [INFO ] vert.x-eventloop-thread-0 [cd.blog.humbird.vertx.vx.VxChannelClient] - channelId: 144ea065-b952-4ae3-88bb-58bb644a936c
2017-01-09 09:22:10,999 [DEBUG] vert.x-eventloop-thread-4 [io.netty.buffer.PooledByteBufAllocator] - -Dio.netty.allocator.numHeapArenas: 8
2017-01-09 09:22:10,999 [DEBUG] vert.x-eventloop-thread-4 [io.netty.buffer.PooledByteBufAllocator] - -Dio.netty.allocator.numDirectArenas: 8
2017-01-09 09:22:10,999 [DEBUG] vert.x-eventloop-thread-4 [io.netty.buffer.PooledByteBufAllocator] - -Dio.netty.allocator.pageSize: 8192
2017-01-09 09:22:10,999 [DEBUG] vert.x-eventloop-thread-4 [io.netty.buffer.PooledByteBufAllocator] - -Dio.netty.allocator.maxOrder: 11
2017-01-09 09:22:11,000 [DEBUG] vert.x-eventloop-thread-4 [io.netty.buffer.PooledByteBufAllocator] - -Dio.netty.allocator.chunkSize: 16777216
2017-01-09 09:22:11,000 [DEBUG] vert.x-eventloop-thread-4 [io.netty.buffer.PooledByteBufAllocator] - -Dio.netty.allocator.tinyCacheSize: 512
2017-01-09 09:22:11,000 [DEBUG] vert.x-eventloop-thread-4 [io.netty.buffer.PooledByteBufAllocator] - -Dio.netty.allocator.smallCacheSize: 256
2017-01-09 09:22:11,000 [DEBUG] vert.x-eventloop-thread-4 [io.netty.buffer.PooledByteBufAllocator] - -Dio.netty.allocator.normalCacheSize: 64
2017-01-09 09:22:11,000 [DEBUG] vert.x-eventloop-thread-4 [io.netty.buffer.PooledByteBufAllocator] - -Dio.netty.allocator.maxCachedBufferCapacity: 32768
2017-01-09 09:22:11,000 [DEBUG] vert.x-eventloop-thread-4 [io.netty.buffer.PooledByteBufAllocator] - -Dio.netty.allocator.cacheTrimInterval: 8192
2017-01-09 09:22:11,080 [DEBUG] vert.x-eventloop-thread-2 [io.netty.channel.DefaultChannelId] - -Dio.netty.processId: 28183 (auto-detected)
2017-01-09 09:22:11,086 [DEBUG] vert.x-eventloop-thread-2 [io.netty.channel.DefaultChannelId] - -Dio.netty.machineId: 00:0e:c6:ff:fe:c0:5c:3b (auto-detected)
2017-01-09 09:22:11,086 [DEBUG] vert.x-eventloop-thread-2 [io.netty.util.internal.ThreadLocalRandom] - -Dio.netty.initialSeedUniquifier: 0x82e97b2eb85b2a67
2017-01-09 09:22:11,150 [DEBUG] vert.x-eventloop-thread-3 [io.netty.buffer.ByteBufUtil] - -Dio.netty.allocator.type: pooled
2017-01-09 09:22:11,150 [DEBUG] vert.x-eventloop-thread-3 [io.netty.buffer.ByteBufUtil] - -Dio.netty.threadLocalDirectBufferSize: 65536
2017-01-09 09:22:11,150 [DEBUG] vert.x-eventloop-thread-3 [io.netty.buffer.ByteBufUtil] - -Dio.netty.maxThreadLocalCharBufferSize: 16384
2017-01-09 09:22:11,209 [INFO ] vert.x-eventloop-thread-5 [cd.blog.humbird.vertx.vx.VxConfig] - using the configFile :./vx.json
2017-01-09 09:22:11,209 [INFO ] vert.x-eventloop-thread-7 [cd.blog.humbird.vertx.vx.VxConfig] - using the configFile :./vx.json
2017-01-09 09:22:11,209 [INFO ] vert.x-eventloop-thread-6 [cd.blog.humbird.vertx.vx.VxConfig] - using the configFile :./vx.json
2017-01-09 09:22:11,211 [INFO ] vert.x-eventloop-thread-0 [cd.blog.humbird.vertx.vx.VxChannelServer] - connected remote ip->127.0.0.1, port->63108
2017-01-09 09:22:11,214 [INFO ] vert.x-eventloop-thread-0 [cd.blog.humbird.vertx.vx.VxChannelServer] - connected remote ip->127.0.0.1, port->63109
2017-01-09 09:22:11,215 [INFO ] vert.x-eventloop-thread-0 [cd.blog.humbird.vertx.vx.VxChannelServer] - connected remote ip->127.0.0.1, port->63110
2017-01-09 09:22:11,215 [INFO ] vert.x-eventloop-thread-0 [cd.blog.humbird.vertx.vx.VxConfig] - using the configFile :./vx.json
2017-01-09 09:22:11,216 [INFO ] vert.x-eventloop-thread-0 [cd.blog.humbird.vertx.vx.VxChannelServer] - connected remote ip->127.0.0.1, port->63111
2017-01-09 09:22:11,219 [INFO ] vert.x-eventloop-thread-0 [cd.blog.humbird.vertx.vx.VxChannelServer] - connected remote ip->127.0.0.1, port->63112
2017-01-09 09:22:11,225 [INFO ] vert.x-eventloop-thread-1 [cd.blog.humbird.vertx.vx.VxChannelClient] - success connect to ProxyChannelServer,127.0.0.1:31313
2017-01-09 09:22:11,226 [INFO ] vert.x-eventloop-thread-0 [cd.blog.humbird.vertx.vx.VxChannelClient] - success connect to ProxyChannelServer,127.0.0.1:31313
2017-01-09 09:22:11,226 [INFO ] vert.x-eventloop-thread-4 [cd.blog.humbird.vertx.vx.VxChannelClient] - success connect to ProxyChannelServer,127.0.0.1:31313
2017-01-09 09:22:11,226 [INFO ] vert.x-eventloop-thread-2 [cd.blog.humbird.vertx.vx.VxChannelClient] - success connect to ProxyChannelServer,127.0.0.1:31313
2017-01-09 09:22:11,226 [INFO ] vert.x-eventloop-thread-3 [cd.blog.humbird.vertx.vx.VxChannelClient] - success connect to ProxyChannelServer,127.0.0.1:31313
2017-01-09 09:22:11,237 [INFO ] vert.x-eventloop-thread-2 [cd.blog.humbird.vertx.vx.VxChannelPing] - start the pinger for channelId: c67605f4-b9fb-4885-b7aa-1377d616e624
2017-01-09 09:22:11,237 [INFO ] vert.x-eventloop-thread-0 [cd.blog.humbird.vertx.vx.VxChannelPing] - start the pinger for channelId: 144ea065-b952-4ae3-88bb-58bb644a936c
2017-01-09 09:22:11,238 [INFO ] vert.x-eventloop-thread-3 [cd.blog.humbird.vertx.vx.VxChannelPing] - start the pinger for channelId: 08896f0e-42ed-4d59-a071-369fc51f2747
2017-01-09 09:22:11,238 [INFO ] vert.x-eventloop-thread-1 [cd.blog.humbird.vertx.vx.VxChannelPing] - start the pinger for channelId: 57cb5faf-6791-43aa-8ce5-4e314664ad23
2017-01-09 09:22:11,239 [INFO ] vert.x-eventloop-thread-4 [cd.blog.humbird.vertx.vx.VxChannelPing] - start the pinger for channelId: 00c05534-1c51-4f5e-b94b-6bf1a4f24e49
2017-01-09 09:22:11,243 [INFO ] vert.x-eventloop-thread-2 [cd.blog.humbird.vertx.vx.VxConfig] - using the configFile :./vx.json
2017-01-09 09:22:11,244 [INFO ] vert.x-eventloop-thread-1 [cd.blog.humbird.vertx.vx.VxConfig] - using the configFile :./vx.json
2017-01-09 09:22:11,297 [INFO ] vert.x-eventloop-thread-2 [cd.blog.humbird.vertx.vx.HttpsVx] - started http proxy on 3128
2017-01-09 09:22:23,244 [WARN ] vert.x-eventloop-thread-4 [cd.blog.humbird.vertx.vx.VxChannelPing] - The pingPriodic is reach, but PingTimeoutId != -1, channelId: 00c05534-1c51-4f5e-b94b-6bf1a4f24e49
2017-01-09 09:22:23,244 [WARN ] vert.x-eventloop-thread-2 [cd.blog.humbird.vertx.vx.VxChannelPing] - The pingPriodic is reach, but PingTimeoutId != -1, channelId: c67605f4-b9fb-4885-b7aa-1377d616e624
2017-01-09 09:22:23,244 [WARN ] vert.x-eventloop-thread-3 [cd.blog.humbird.vertx.vx.VxChannelPing] - The pingPriodic is reach, but PingTimeoutId != -1, channelId: 08896f0e-42ed-4d59-a071-369fc51f2747
2017-01-09 09:22:23,245 [WARN ] vert.x-eventloop-thread-0 [cd.blog.humbird.vertx.vx.VxChannelPing] - The pingPriodic is reach, but PingTimeoutId != -1, channelId: 144ea065-b952-4ae3-88bb-58bb644a936c
2017-01-09 09:22:23,245 [WARN ] vert.x-eventloop-thread-1 [cd.blog.humbird.vertx.vx.VxChannelPing] - The pingPriodic is reach, but PingTimeoutId != -1, channelId: 57cb5faf-6791-43aa-8ce5-4e314664ad23
2017-01-09 09:22:35,241 [WARN ] vert.x-eventloop-thread-2 [cd.blog.humbird.vertx.vx.VxChannelPing] - The pingPriodic is reach, but PingTimeoutId != -1, channelId: c67605f4-b9fb-4885-b7aa-1377d616e624
2017-01-09 09:22:35,241 [WARN ] vert.x-eventloop-thread-4 [cd.blog.humbird.vertx.vx.VxChannelPing] - The pingPriodic is reach, but PingTimeoutId != -1, channelId: 00c05534-1c51-4f5e-b94b-6bf1a4f24e49
2017-01-09 09:22:35,247 [WARN ] vert.x-eventloop-thread-0 [cd.blog.humbird.vertx.vx.VxChannelPing] - The pingPriodic is reach, but PingTimeoutId != -1, channelId: 144ea065-b952-4ae3-88bb-58bb644a936c
2017-01-09 09:22:35,247 [WARN ] vert.x-eventloop-thread-1 [cd.blog.humbird.vertx.vx.VxChannelPing] - The pingPriodic is reach, but PingTimeoutId != -1, channelId: 57cb5faf-6791-43aa-8ce5-4e314664ad23
2017-01-09 09:22:35,247 [WARN ] vert.x-eventloop-thread-3 [cd.blog.humbird.vertx.vx.VxChannelPing] - The pingPriodic is reach, but PingTimeoutId != -1, channelId: 08896f0e-42ed-4d59-a071-369fc51f2747
2017-01-09 09:22:37,784 [WARN ] vert.x-eventloop-thread-0 [cd.blog.humbird.vertx.vx.VxChannelServer] - the channel sock closed:null, channelShortId:null
2017-01-09 09:22:37,785 [WARN ] vert.x-eventloop-thread-0 [cd.blog.humbird.vertx.vx.VxChannelServer] - the channel sock closed:null, channelShortId:null
2017-01-09 09:22:37,785 [WARN ] vert.x-eventloop-thread-0 [cd.blog.humbird.vertx.vx.VxChannelServer] - the channel sock closed:null, channelShortId:null
2017-01-09 09:22:37,785 [WARN ] vert.x-eventloop-thread-0 [cd.blog.humbird.vertx.vx.VxChannelServer] - the channel sock closed:null, channelShortId:null
2017-01-09 09:22:37,786 [WARN ] vert.x-eventloop-thread-0 [cd.blog.humbird.vertx.vx.VxChannelServer] - the channel sock closed:null, channelShortId:null
2017-01-09 09:22:39,309 [DEBUG] main [io.netty.util.internal.logging.InternalLoggerFactory] - Using SLF4J as the default logging framework
2017-01-09 09:22:39,320 [DEBUG] main [io.netty.util.ResourceLeakDetector] - -Dio.netty.leakDetection.level: simple
2017-01-09 09:22:39,320 [DEBUG] main [io.netty.util.ResourceLeakDetector] - -Dio.netty.leakDetection.maxRecords: 4
2017-01-09 09:22:39,386 [DEBUG] main [io.netty.channel.MultithreadEventLoopGroup] - -Dio.netty.eventLoopThreads: 8
2017-01-09 09:22:39,457 [DEBUG] main [io.netty.util.internal.PlatformDependent0] - java.nio.Buffer.address: available
2017-01-09 09:22:39,458 [DEBUG] main [io.netty.util.internal.PlatformDependent0] - sun.misc.Unsafe.theUnsafe: available
2017-01-09 09:22:39,458 [DEBUG] main [io.netty.util.internal.PlatformDependent0] - sun.misc.Unsafe.copyMemory: available
2017-01-09 09:22:39,460 [DEBUG] main [io.netty.util.internal.PlatformDependent0] - direct buffer constructor: available
2017-01-09 09:22:39,463 [DEBUG] main [io.netty.util.internal.PlatformDependent0] - java.nio.Bits.unaligned: available, true
2017-01-09 09:22:39,463 [DEBUG] main [io.netty.util.internal.PlatformDependent0] - java.nio.DirectByteBuffer.<init>(long, int): available
2017-01-09 09:22:39,466 [DEBUG] main [io.netty.util.internal.Cleaner0] - java.nio.ByteBuffer.cleaner(): available
2017-01-09 09:22:39,472 [DEBUG] main [io.netty.util.internal.PlatformDependent] - Java version: 8
2017-01-09 09:22:39,472 [DEBUG] main [io.netty.util.internal.PlatformDependent] - -Dio.netty.noUnsafe: false
2017-01-09 09:22:39,472 [DEBUG] main [io.netty.util.internal.PlatformDependent] - sun.misc.Unsafe: available
2017-01-09 09:22:39,473 [DEBUG] main [io.netty.util.internal.PlatformDependent] - -Dio.netty.noJavassist: false
2017-01-09 09:22:39,474 [DEBUG] main [io.netty.util.internal.PlatformDependent] - Javassist: unavailable
2017-01-09 09:22:39,474 [DEBUG] main [io.netty.util.internal.PlatformDependent] - You don't have Javassist in your class path or you don't have enough permission to load dynamically generated classes.  Please check the configuration for better performance.
2017-01-09 09:22:39,474 [DEBUG] main [io.netty.util.internal.PlatformDependent] - -Dio.netty.tmpdir: /var/folders/pk/2c9dxjlj50n2pqhk_ph9g5jw0000gn/T (java.io.tmpdir)
2017-01-09 09:22:39,474 [DEBUG] main [io.netty.util.internal.PlatformDependent] - -Dio.netty.bitMode: 64 (sun.arch.data.model)
2017-01-09 09:22:39,474 [DEBUG] main [io.netty.util.internal.PlatformDependent] - -Dio.netty.noPreferDirect: false
2017-01-09 09:22:39,474 [DEBUG] main [io.netty.util.internal.PlatformDependent] - io.netty.maxDirectMemory: 1908932608 bytes
2017-01-09 09:22:39,524 [DEBUG] main [io.netty.channel.nio.NioEventLoop] - -Dio.netty.noKeySetOptimization: false
2017-01-09 09:22:39,524 [DEBUG] main [io.netty.channel.nio.NioEventLoop] - -Dio.netty.selectorAutoRebuildThreshold: 512
2017-01-09 09:22:39,530 [DEBUG] main [io.netty.util.internal.PlatformDependent] - org.jctools-core.MpscChunkedArrayQueue: available
2017-01-09 09:22:39,669 [DEBUG] main [io.netty.resolver.dns.DnsServerAddresses] - Default DNS servers: [/223.5.5.5:53] (sun.net.dns.ResolverConfiguration)
2017-01-09 09:22:39,677 [DEBUG] main [io.netty.util.NetUtil] - -Djava.net.preferIPv4Stack: false
2017-01-09 09:22:39,678 [DEBUG] main [io.netty.util.NetUtil] - -Djava.net.preferIPv6Addresses: false
2017-01-09 09:22:39,679 [DEBUG] main [io.netty.util.NetUtil] - Loopback interface: lo0 (lo0, 0:0:0:0:0:0:0:1)
2017-01-09 09:22:39,680 [DEBUG] main [io.netty.util.NetUtil] - /proc/sys/net/core/somaxconn: 128 (non-existent)
2017-01-09 09:22:39,781 [INFO ] vert.x-eventloop-thread-0 [cd.blog.humbird.vertx.vx.VxConfig] - using the configFile :./vx.json
2017-01-09 09:22:39,781 [INFO ] vert.x-eventloop-thread-1 [cd.blog.humbird.vertx.vx.VxConfig] - using the configFile :./vx.json
2017-01-09 09:22:39,782 [INFO ] vert.x-eventloop-thread-2 [cd.blog.humbird.vertx.vx.VxConfig] - using the configFile :./vx.json
2017-01-09 09:22:39,782 [INFO ] vert.x-eventloop-thread-3 [cd.blog.humbird.vertx.vx.VxConfig] - using the configFile :./vx.json
2017-01-09 09:22:39,783 [INFO ] vert.x-eventloop-thread-4 [cd.blog.humbird.vertx.vx.VxConfig] - using the configFile :./vx.json
2017-01-09 09:22:39,863 [DEBUG] vert.x-internal-blocking-4 [io.netty.buffer.AbstractByteBuf] - -Dio.netty.buffer.bytebuf.checkAccessible: true
2017-01-09 09:22:39,869 [DEBUG] vert.x-internal-blocking-4 [io.netty.util.ResourceLeakDetectorFactory] - Loaded default ResourceLeakDetector: io.netty.util.ResourceLeakDetector@541d287f
2017-01-09 09:22:40,223 [INFO ] vert.x-eventloop-thread-4 [cd.blog.humbird.vertx.vx.VxChannelClient] - channelId: b1cfcd72-f530-4085-a1e4-d0c5693c9cf2
2017-01-09 09:22:40,224 [INFO ] vert.x-eventloop-thread-2 [cd.blog.humbird.vertx.vx.VxChannelClient] - channelId: 153fb287-996a-4a5f-81c4-ddaed2b4b459
2017-01-09 09:22:40,224 [INFO ] vert.x-eventloop-thread-0 [cd.blog.humbird.vertx.vx.VxChannelClient] - channelId: 6d82d85a-808b-4e72-aa2f-9baa675ca7ac
2017-01-09 09:22:40,224 [INFO ] vert.x-eventloop-thread-3 [cd.blog.humbird.vertx.vx.VxChannelClient] - channelId: d06e8bec-6bc3-4998-bd3d-6d2b040b7fb2
2017-01-09 09:22:40,226 [INFO ] vert.x-eventloop-thread-1 [cd.blog.humbird.vertx.vx.VxChannelClient] - channelId: d2e95e7b-5c4c-4e4a-ae57-db2ad98fe51d
2017-01-09 09:22:40,716 [DEBUG] vert.x-eventloop-thread-0 [io.netty.buffer.PooledByteBufAllocator] - -Dio.netty.allocator.numHeapArenas: 8
2017-01-09 09:22:40,716 [DEBUG] vert.x-eventloop-thread-0 [io.netty.buffer.PooledByteBufAllocator] - -Dio.netty.allocator.numDirectArenas: 8
2017-01-09 09:22:40,716 [DEBUG] vert.x-eventloop-thread-0 [io.netty.buffer.PooledByteBufAllocator] - -Dio.netty.allocator.pageSize: 8192
2017-01-09 09:22:40,717 [DEBUG] vert.x-eventloop-thread-0 [io.netty.buffer.PooledByteBufAllocator] - -Dio.netty.allocator.maxOrder: 11
2017-01-09 09:22:40,717 [DEBUG] vert.x-eventloop-thread-0 [io.netty.buffer.PooledByteBufAllocator] - -Dio.netty.allocator.chunkSize: 16777216
2017-01-09 09:22:40,717 [DEBUG] vert.x-eventloop-thread-0 [io.netty.buffer.PooledByteBufAllocator] - -Dio.netty.allocator.tinyCacheSize: 512
2017-01-09 09:22:40,717 [DEBUG] vert.x-eventloop-thread-0 [io.netty.buffer.PooledByteBufAllocator] - -Dio.netty.allocator.smallCacheSize: 256
2017-01-09 09:22:40,717 [DEBUG] vert.x-eventloop-thread-0 [io.netty.buffer.PooledByteBufAllocator] - -Dio.netty.allocator.normalCacheSize: 64
2017-01-09 09:22:40,717 [DEBUG] vert.x-eventloop-thread-0 [io.netty.buffer.PooledByteBufAllocator] - -Dio.netty.allocator.maxCachedBufferCapacity: 32768
2017-01-09 09:22:40,717 [DEBUG] vert.x-eventloop-thread-0 [io.netty.buffer.PooledByteBufAllocator] - -Dio.netty.allocator.cacheTrimInterval: 8192
2017-01-09 09:22:40,766 [DEBUG] vert.x-eventloop-thread-2 [io.netty.channel.DefaultChannelId] - -Dio.netty.processId: 28197 (auto-detected)
2017-01-09 09:22:40,770 [DEBUG] vert.x-eventloop-thread-2 [io.netty.channel.DefaultChannelId] - -Dio.netty.machineId: 00:0e:c6:ff:fe:c0:5c:3b (auto-detected)
2017-01-09 09:22:40,772 [DEBUG] vert.x-eventloop-thread-2 [io.netty.util.internal.ThreadLocalRandom] - -Dio.netty.initialSeedUniquifier: 0x7e2fe617e4471e6a
2017-01-09 09:22:40,794 [DEBUG] vert.x-eventloop-thread-1 [io.netty.buffer.ByteBufUtil] - -Dio.netty.allocator.type: pooled
2017-01-09 09:22:40,794 [DEBUG] vert.x-eventloop-thread-1 [io.netty.buffer.ByteBufUtil] - -Dio.netty.threadLocalDirectBufferSize: 65536
2017-01-09 09:22:40,795 [DEBUG] vert.x-eventloop-thread-1 [io.netty.buffer.ByteBufUtil] - -Dio.netty.maxThreadLocalCharBufferSize: 16384
2017-01-09 09:22:40,844 [INFO ] vert.x-eventloop-thread-5 [cd.blog.humbird.vertx.vx.VxConfig] - using the configFile :./vx.json
2017-01-09 09:22:40,844 [INFO ] vert.x-eventloop-thread-6 [cd.blog.humbird.vertx.vx.VxConfig] - using the configFile :./vx.json
2017-01-09 09:22:40,846 [INFO ] vert.x-eventloop-thread-0 [cd.blog.humbird.vertx.vx.VxChannelServer] - connected remote ip->127.0.0.1, port->63122
2017-01-09 09:22:40,846 [INFO ] vert.x-eventloop-thread-0 [cd.blog.humbird.vertx.vx.VxChannelServer] - connected remote ip->127.0.0.1, port->63123
2017-01-09 09:22:40,848 [INFO ] vert.x-eventloop-thread-0 [cd.blog.humbird.vertx.vx.VxChannelServer] - connected remote ip->127.0.0.1, port->63124
2017-01-09 09:22:40,848 [INFO ] vert.x-eventloop-thread-0 [cd.blog.humbird.vertx.vx.VxConfig] - using the configFile :./vx.json
2017-01-09 09:22:40,849 [INFO ] vert.x-eventloop-thread-7 [cd.blog.humbird.vertx.vx.VxConfig] - using the configFile :./vx.json
2017-01-09 09:22:40,853 [INFO ] vert.x-eventloop-thread-0 [cd.blog.humbird.vertx.vx.VxChannelServer] - connected remote ip->127.0.0.1, port->63125
2017-01-09 09:22:40,854 [INFO ] vert.x-eventloop-thread-0 [cd.blog.humbird.vertx.vx.VxChannelServer] - connected remote ip->127.0.0.1, port->63126
2017-01-09 09:22:40,861 [INFO ] vert.x-eventloop-thread-0 [cd.blog.humbird.vertx.vx.VxChannelClient] - success connect to ProxyChannelServer,127.0.0.1:31313
2017-01-09 09:22:40,862 [INFO ] vert.x-eventloop-thread-4 [cd.blog.humbird.vertx.vx.VxChannelClient] - success connect to ProxyChannelServer,127.0.0.1:31313
2017-01-09 09:22:40,862 [INFO ] vert.x-eventloop-thread-3 [cd.blog.humbird.vertx.vx.VxChannelClient] - success connect to ProxyChannelServer,127.0.0.1:31313
2017-01-09 09:22:40,862 [INFO ] vert.x-eventloop-thread-1 [cd.blog.humbird.vertx.vx.VxChannelClient] - success connect to ProxyChannelServer,127.0.0.1:31313
2017-01-09 09:22:40,862 [INFO ] vert.x-eventloop-thread-2 [cd.blog.humbird.vertx.vx.VxChannelClient] - success connect to ProxyChannelServer,127.0.0.1:31313
2017-01-09 09:22:40,880 [INFO ] vert.x-eventloop-thread-2 [cd.blog.humbird.vertx.vx.VxChannelPing] - start the pinger for channelId: 153fb287-996a-4a5f-81c4-ddaed2b4b459
2017-01-09 09:22:40,880 [INFO ] vert.x-eventloop-thread-0 [cd.blog.humbird.vertx.vx.VxChannelPing] - start the pinger for channelId: 6d82d85a-808b-4e72-aa2f-9baa675ca7ac
2017-01-09 09:22:40,881 [INFO ] vert.x-eventloop-thread-3 [cd.blog.humbird.vertx.vx.VxChannelPing] - start the pinger for channelId: d06e8bec-6bc3-4998-bd3d-6d2b040b7fb2
2017-01-09 09:22:40,880 [INFO ] vert.x-eventloop-thread-1 [cd.blog.humbird.vertx.vx.VxChannelPing] - start the pinger for channelId: d2e95e7b-5c4c-4e4a-ae57-db2ad98fe51d
2017-01-09 09:22:40,881 [INFO ] vert.x-eventloop-thread-4 [cd.blog.humbird.vertx.vx.VxChannelPing] - start the pinger for channelId: b1cfcd72-f530-4085-a1e4-d0c5693c9cf2
2017-01-09 09:22:40,883 [INFO ] vert.x-eventloop-thread-2 [cd.blog.humbird.vertx.vx.VxConfig] - using the configFile :./vx.json
2017-01-09 09:22:40,885 [INFO ] vert.x-eventloop-thread-1 [cd.blog.humbird.vertx.vx.VxConfig] - using the configFile :./vx.json
2017-01-09 09:22:40,916 [INFO ] vert.x-eventloop-thread-1 [cd.blog.humbird.vertx.vx.HttpsVx] - started http proxy on 3128
2017-01-09 09:22:46,896 [DEBUG] vert.x-eventloop-thread-4 [cd.blog.humbird.vertx.vx.VxChannelPing] - try send connect ping command for channelId: b1cfcd72-f530-4085-a1e4-d0c5693c9cf2
2017-01-09 09:22:46,896 [DEBUG] vert.x-eventloop-thread-2 [cd.blog.humbird.vertx.vx.VxChannelPing] - try send connect ping command for channelId: 153fb287-996a-4a5f-81c4-ddaed2b4b459
2017-01-09 09:22:46,896 [DEBUG] vert.x-eventloop-thread-0 [cd.blog.humbird.vertx.vx.VxChannelPing] - try send connect ping command for channelId: 6d82d85a-808b-4e72-aa2f-9baa675ca7ac
2017-01-09 09:22:46,896 [DEBUG] vert.x-eventloop-thread-1 [cd.blog.humbird.vertx.vx.VxChannelPing] - try send connect ping command for channelId: d2e95e7b-5c4c-4e4a-ae57-db2ad98fe51d
2017-01-09 09:22:46,896 [DEBUG] vert.x-eventloop-thread-3 [cd.blog.humbird.vertx.vx.VxChannelPing] - try send connect ping command for channelId: d06e8bec-6bc3-4998-bd3d-6d2b040b7fb2
2017-01-09 09:22:52,885 [WARN ] vert.x-eventloop-thread-1 [cd.blog.humbird.vertx.vx.VxChannelPing] - The pingPriodic is reach, but PingTimeoutId != -1, channelId: d2e95e7b-5c4c-4e4a-ae57-db2ad98fe51d
2017-01-09 09:22:52,885 [WARN ] vert.x-eventloop-thread-2 [cd.blog.humbird.vertx.vx.VxChannelPing] - The pingPriodic is reach, but PingTimeoutId != -1, channelId: 153fb287-996a-4a5f-81c4-ddaed2b4b459
2017-01-09 09:22:52,885 [WARN ] vert.x-eventloop-thread-3 [cd.blog.humbird.vertx.vx.VxChannelPing] - The pingPriodic is reach, but PingTimeoutId != -1, channelId: d06e8bec-6bc3-4998-bd3d-6d2b040b7fb2
2017-01-09 09:22:52,888 [WARN ] vert.x-eventloop-thread-0 [cd.blog.humbird.vertx.vx.VxChannelPing] - The pingPriodic is reach, but PingTimeoutId != -1, channelId: 6d82d85a-808b-4e72-aa2f-9baa675ca7ac
2017-01-09 09:22:52,888 [WARN ] vert.x-eventloop-thread-4 [cd.blog.humbird.vertx.vx.VxChannelPing] - The pingPriodic is reach, but PingTimeoutId != -1, channelId: b1cfcd72-f530-4085-a1e4-d0c5693c9cf2
2017-01-09 09:22:56,899 [DEBUG] vert.x-eventloop-thread-2 [cd.blog.humbird.vertx.vx.VxChannelPing] - Not receive ping Resp more than 10 second,channelId: 153fb287-996a-4a5f-81c4-ddaed2b4b459, try send Close msg
2017-01-09 09:22:56,899 [DEBUG] vert.x-eventloop-thread-1 [cd.blog.humbird.vertx.vx.VxChannelPing] - Not receive ping Resp more than 10 second,channelId: d2e95e7b-5c4c-4e4a-ae57-db2ad98fe51d, try send Close msg
2017-01-09 09:22:56,900 [DEBUG] vert.x-eventloop-thread-3 [cd.blog.humbird.vertx.vx.VxChannelPing] - Not receive ping Resp more than 10 second,channelId: d06e8bec-6bc3-4998-bd3d-6d2b040b7fb2, try send Close msg
2017-01-09 09:22:56,899 [DEBUG] vert.x-eventloop-thread-0 [cd.blog.humbird.vertx.vx.VxChannelPing] - Not receive ping Resp more than 10 second,channelId: 6d82d85a-808b-4e72-aa2f-9baa675ca7ac, try send Close msg
2017-01-09 09:22:56,899 [DEBUG] vert.x-eventloop-thread-4 [cd.blog.humbird.vertx.vx.VxChannelPing] - Not receive ping Resp more than 10 second,channelId: b1cfcd72-f530-4085-a1e4-d0c5693c9cf2, try send Close msg
2017-01-09 09:22:58,887 [DEBUG] vert.x-eventloop-thread-2 [cd.blog.humbird.vertx.vx.VxChannelPing] - try send connect ping command for channelId: 153fb287-996a-4a5f-81c4-ddaed2b4b459
2017-01-09 09:22:58,887 [DEBUG] vert.x-eventloop-thread-1 [cd.blog.humbird.vertx.vx.VxChannelPing] - try send connect ping command for channelId: d2e95e7b-5c4c-4e4a-ae57-db2ad98fe51d
2017-01-09 09:22:58,887 [DEBUG] vert.x-eventloop-thread-0 [cd.blog.humbird.vertx.vx.VxChannelPing] - try send connect ping command for channelId: 6d82d85a-808b-4e72-aa2f-9baa675ca7ac
2017-01-09 09:22:58,887 [DEBUG] vert.x-eventloop-thread-3 [cd.blog.humbird.vertx.vx.VxChannelPing] - try send connect ping command for channelId: d06e8bec-6bc3-4998-bd3d-6d2b040b7fb2
2017-01-09 09:22:58,890 [DEBUG] vert.x-eventloop-thread-4 [cd.blog.humbird.vertx.vx.VxChannelPing] - try send connect ping command for channelId: b1cfcd72-f530-4085-a1e4-d0c5693c9cf2
2017-01-09 09:23:04,233 [WARN ] vert.x-eventloop-thread-0 [cd.blog.humbird.vertx.vx.VxChannelServer] - the channel sock closed:null, channelShortId:null
2017-01-09 09:23:04,233 [WARN ] vert.x-eventloop-thread-0 [cd.blog.humbird.vertx.vx.VxChannelServer] - the channel sock closed:null, channelShortId:null
2017-01-09 09:23:04,234 [WARN ] vert.x-eventloop-thread-0 [cd.blog.humbird.vertx.vx.VxChannelServer] - the channel sock closed:null, channelShortId:null
2017-01-09 09:23:04,234 [WARN ] vert.x-eventloop-thread-0 [cd.blog.humbird.vertx.vx.VxChannelServer] - the channel sock closed:null, channelShortId:null
2017-01-09 09:23:04,234 [WARN ] vert.x-eventloop-thread-0 [cd.blog.humbird.vertx.vx.VxChannelServer] - the channel sock closed:null, channelShortId:null
